INFO - 2024-12-16 04:30:42 --> Session: Class initialized using 'CodeIgniter\Session\Handlers\FileHandler' driver.
INFO - 2024-12-16 04:30:55 --> Session: Class initialized using 'CodeIgniter\Session\Handlers\FileHandler' driver.
INFO - 2024-12-16 04:31:03 --> Session: Class initialized using 'CodeIgniter\Session\Handlers\FileHandler' driver.
INFO - 2024-12-16 04:31:19 --> Session: Class initialized using 'CodeIgniter\Session\Handlers\FileHandler' driver.
INFO - 2024-12-16 04:31:19 --> Session: Class initialized using 'CodeIgniter\Session\Handlers\FileHandler' driver.
INFO - 2024-12-16 04:54:58 --> Session: Class initialized using 'CodeIgniter\Session\Handlers\FileHandler' driver.
INFO - 2024-12-16 04:54:59 --> Session: Class initialized using 'CodeIgniter\Session\Handlers\FileHandler' driver.
CRITICAL - 2024-12-16 06:39:00 --> ErrorException: Undefined variable $id
[Method: POST, Route: meeting/update]
in APPPATH\Controllers\MeetingController.php on line 90.
 1 APPPATH\Controllers\MeetingController.php(90): CodeIgniter\Debug\Exceptions->errorHandler(2, 'Undefined variable $id', 'C:\\xampp\\htdocs\\sneha\\codeigniter\\admin_role\\app\\Controllers\\MeetingController.php', 90)
 2 SYSTEMPATH\CodeIgniter.php(933): App\Controllers\MeetingController->update()
 3 SYSTEMPATH\CodeIgniter.php(509): CodeIgniter\CodeIgniter->runController(Object(App\Controllers\MeetingController))
 4 SYSTEMPATH\CodeIgniter.php(355): CodeIgniter\CodeIgniter->handleRequest(null, Object(Config\Cache), false)
 5 SYSTEMPATH\Boot.php(325): CodeIgniter\CodeIgniter->run()
 6 SYSTEMPATH\Boot.php(67): CodeIgniter\Boot::runCodeIgniter(Object(CodeIgniter\CodeIgniter))
 7 FCPATH\index.php(56): CodeIgniter\Boot::bootWeb(Object(Config\Paths))
 8 SYSTEMPATH\rewrite.php(44): require_once('C:\\xampp\\htdocs\\sneha\\codeigniter\\admin_role\\public\\index.php')
CRITICAL - 2024-12-16 06:41:18 --> CodeIgniter\Database\Exceptions\DatabaseException: Updates are not allowed unless they contain a "where" or "like" clause.
[Method: POST, Route: meeting/update]
in SYSTEMPATH\Model.php on line 456.
 1 SYSTEMPATH\BaseModel.php(1028): CodeIgniter\Model->doUpdate(null, [...])
 2 SYSTEMPATH\Model.php(865): CodeIgniter\BaseModel->update(null, [...])
 3 APPPATH\Controllers\MeetingController.php(92): CodeIgniter\Model->update(null, [...])
 4 SYSTEMPATH\CodeIgniter.php(933): App\Controllers\MeetingController->update()
 5 SYSTEMPATH\CodeIgniter.php(509): CodeIgniter\CodeIgniter->runController(Object(App\Controllers\MeetingController))
 6 SYSTEMPATH\CodeIgniter.php(355): CodeIgniter\CodeIgniter->handleRequest(null, Object(Config\Cache), false)
 7 SYSTEMPATH\Boot.php(325): CodeIgniter\CodeIgniter->run()
 8 SYSTEMPATH\Boot.php(67): CodeIgniter\Boot::runCodeIgniter(Object(CodeIgniter\CodeIgniter))
 9 FCPATH\index.php(56): CodeIgniter\Boot::bootWeb(Object(Config\Paths))
10 SYSTEMPATH\rewrite.php(44): require_once('C:\\xampp\\htdocs\\sneha\\codeigniter\\admin_role\\public\\index.php')
CRITICAL - 2024-12-16 06:42:21 --> CodeIgniter\Database\Exceptions\DatabaseException: Updates are not allowed unless they contain a "where" or "like" clause.
[Method: POST, Route: meeting/update]
in SYSTEMPATH\Model.php on line 456.
 1 SYSTEMPATH\BaseModel.php(1028): CodeIgniter\Model->doUpdate(null, [...])
 2 SYSTEMPATH\Model.php(865): CodeIgniter\BaseModel->update(null, [...])
 3 APPPATH\Controllers\MeetingController.php(89): CodeIgniter\Model->update(null, [...])
 4 SYSTEMPATH\CodeIgniter.php(933): App\Controllers\MeetingController->update()
 5 SYSTEMPATH\CodeIgniter.php(509): CodeIgniter\CodeIgniter->runController(Object(App\Controllers\MeetingController))
 6 SYSTEMPATH\CodeIgniter.php(355): CodeIgniter\CodeIgniter->handleRequest(null, Object(Config\Cache), false)
 7 SYSTEMPATH\Boot.php(325): CodeIgniter\CodeIgniter->run()
 8 SYSTEMPATH\Boot.php(67): CodeIgniter\Boot::runCodeIgniter(Object(CodeIgniter\CodeIgniter))
 9 FCPATH\index.php(56): CodeIgniter\Boot::bootWeb(Object(Config\Paths))
10 SYSTEMPATH\rewrite.php(44): require_once('C:\\xampp\\htdocs\\sneha\\codeigniter\\admin_role\\public\\index.php')
CRITICAL - 2024-12-16 06:45:42 --> CodeIgniter\Database\Exceptions\DatabaseException: Updates are not allowed unless they contain a "where" or "like" clause.
[Method: POST, Route: meeting/update]
in SYSTEMPATH\Model.php on line 456.
 1 SYSTEMPATH\BaseModel.php(1028): CodeIgniter\Model->doUpdate(null, [...])
 2 SYSTEMPATH\Model.php(865): CodeIgniter\BaseModel->update(null, [...])
 3 APPPATH\Controllers\MeetingController.php(91): CodeIgniter\Model->update(null, [...])
 4 SYSTEMPATH\CodeIgniter.php(933): App\Controllers\MeetingController->update()
 5 SYSTEMPATH\CodeIgniter.php(509): CodeIgniter\CodeIgniter->runController(Object(App\Controllers\MeetingController))
 6 SYSTEMPATH\CodeIgniter.php(355): CodeIgniter\CodeIgniter->handleRequest(null, Object(Config\Cache), false)
 7 SYSTEMPATH\Boot.php(325): CodeIgniter\CodeIgniter->run()
 8 SYSTEMPATH\Boot.php(67): CodeIgniter\Boot::runCodeIgniter(Object(CodeIgniter\CodeIgniter))
 9 FCPATH\index.php(56): CodeIgniter\Boot::bootWeb(Object(Config\Paths))
10 SYSTEMPATH\rewrite.php(44): require_once('C:\\xampp\\htdocs\\sneha\\codeigniter\\admin_role\\public\\index.php')
CRITICAL - 2024-12-16 06:47:43 --> CodeIgniter\Database\Exceptions\DatabaseException: Updates are not allowed unless they contain a "where" or "like" clause.
[Method: POST, Route: meeting/update]
in SYSTEMPATH\Model.php on line 456.
 1 SYSTEMPATH\BaseModel.php(1028): CodeIgniter\Model->doUpdate(null, [...])
 2 SYSTEMPATH\Model.php(865): CodeIgniter\BaseModel->update(null, [...])
 3 APPPATH\Controllers\MeetingController.php(91): CodeIgniter\Model->update(null, [...])
 4 SYSTEMPATH\CodeIgniter.php(933): App\Controllers\MeetingController->update()
 5 SYSTEMPATH\CodeIgniter.php(509): CodeIgniter\CodeIgniter->runController(Object(App\Controllers\MeetingController))
 6 SYSTEMPATH\CodeIgniter.php(355): CodeIgniter\CodeIgniter->handleRequest(null, Object(Config\Cache), false)
 7 SYSTEMPATH\Boot.php(325): CodeIgniter\CodeIgniter->run()
 8 SYSTEMPATH\Boot.php(67): CodeIgniter\Boot::runCodeIgniter(Object(CodeIgniter\CodeIgniter))
 9 FCPATH\index.php(56): CodeIgniter\Boot::bootWeb(Object(Config\Paths))
10 SYSTEMPATH\rewrite.php(44): require_once('C:\\xampp\\htdocs\\sneha\\codeigniter\\admin_role\\public\\index.php')
ERROR - 2024-12-16 07:23:47 --> mysqli_sql_exception: Not unique table/alias: 'projects' in C:\xampp\htdocs\sneha\codeigniter\admin_role\system\Database\MySQLi\Connection.php:312
Stack trace:
#0 C:\xampp\htdocs\sneha\codeigniter\admin_role\system\Database\MySQLi\Connection.php(312): mysqli->query('SELECT `meeting...', 0)
#1 C:\xampp\htdocs\sneha\codeigniter\admin_role\system\Database\BaseConnection.php(734): CodeIgniter\Database\MySQLi\Connection->execute('SELECT `meeting...')
#2 C:\xampp\htdocs\sneha\codeigniter\admin_role\system\Database\BaseConnection.php(648): CodeIgniter\Database\BaseConnection->simpleQuery('SELECT `meeting...')
#3 C:\xampp\htdocs\sneha\codeigniter\admin_role\system\Database\BaseBuilder.php(1644): CodeIgniter\Database\BaseConnection->query('SELECT `meeting...', Array, false)
#4 C:\xampp\htdocs\sneha\codeigniter\admin_role\system\Model.php(330): CodeIgniter\Database\BaseBuilder->get()
#5 C:\xampp\htdocs\sneha\codeigniter\admin_role\system\BaseModel.php(714): CodeIgniter\Model->doFirst()
#6 C:\xampp\htdocs\sneha\codeigniter\admin_role\app\Controllers\MeetingController.php(157): CodeIgniter\BaseModel->first()
#7 C:\xampp\htdocs\sneha\codeigniter\admin_role\system\CodeIgniter.php(933): App\Controllers\MeetingController->details('2')
#8 C:\xampp\htdocs\sneha\codeigniter\admin_role\system\CodeIgniter.php(509): CodeIgniter\CodeIgniter->runController(Object(App\Controllers\MeetingController))
#9 C:\xampp\htdocs\sneha\codeigniter\admin_role\system\CodeIgniter.php(355): CodeIgniter\CodeIgniter->handleRequest(NULL, Object(Config\Cache), false)
#10 C:\xampp\htdocs\sneha\codeigniter\admin_role\system\Boot.php(325): CodeIgniter\CodeIgniter->run()
#11 C:\xampp\htdocs\sneha\codeigniter\admin_role\system\Boot.php(67): CodeIgniter\Boot::runCodeIgniter(Object(CodeIgniter\CodeIgniter))
#12 C:\xampp\htdocs\sneha\codeigniter\admin_role\public\index.php(56): CodeIgniter\Boot::bootWeb(Object(Config\Paths))
#13 C:\xampp\htdocs\sneha\codeigniter\admin_role\system\rewrite.php(44): require_once('C:\\xampp\\htdocs...')
#14 {main}
CRITICAL - 2024-12-16 07:23:47 --> CodeIgniter\Database\Exceptions\DatabaseException: Not unique table/alias: 'projects'
[Method: GET, Route: meeting/details/2]
in SYSTEMPATH\Database\BaseConnection.php on line 688.
 1 SYSTEMPATH\Database\BaseBuilder.php(1644): CodeIgniter\Database\BaseConnection->query('SELECT `meetings`.`meeting_title`, `users`.`username`, `projects`.`project_name`, `meetings`.`meeting_date`, `meetings`.`start_time`, `meetings`.`end_time`, `meetings`.`agenda`, `meetings`.`location`
FROM `projects`
JOIN `users` ON `users`.`id` = `meetings`.`user_id`
JOIN `projects` ON `projects`.`id` = `meetings`.`project_id`
WHERE `meetings`.`id` = :meetings.id:
 LIMIT 1', [...], false)
 2 SYSTEMPATH\Model.php(330): CodeIgniter\Database\BaseBuilder->get()
 3 SYSTEMPATH\BaseModel.php(714): CodeIgniter\Model->doFirst()
 4 APPPATH\Controllers\MeetingController.php(157): CodeIgniter\BaseModel->first()
 5 SYSTEMPATH\CodeIgniter.php(933): App\Controllers\MeetingController->details('2')
 6 SYSTEMPATH\CodeIgniter.php(509): CodeIgniter\CodeIgniter->runController(Object(App\Controllers\MeetingController))
 7 SYSTEMPATH\CodeIgniter.php(355): CodeIgniter\CodeIgniter->handleRequest(null, Object(Config\Cache), false)
 8 SYSTEMPATH\Boot.php(325): CodeIgniter\CodeIgniter->run()
 9 SYSTEMPATH\Boot.php(67): CodeIgniter\Boot::runCodeIgniter(Object(CodeIgniter\CodeIgniter))
10 FCPATH\index.php(56): CodeIgniter\Boot::bootWeb(Object(Config\Paths))
11 SYSTEMPATH\rewrite.php(44): require_once('C:\\xampp\\htdocs\\sneha\\codeigniter\\admin_role\\public\\index.php')
CRITICAL - 2024-12-16 07:23:47 --> [Caused by] CodeIgniter\Database\Exceptions\DatabaseException: Not unique table/alias: 'projects'
in SYSTEMPATH\Database\MySQLi\Connection.php on line 317.
 1 SYSTEMPATH\Database\BaseConnection.php(734): CodeIgniter\Database\MySQLi\Connection->execute('SELECT `meetings`.`meeting_title`, `users`.`username`, `projects`.`project_name`, `meetings`.`meeting_date`, `meetings`.`start_time`, `meetings`.`end_time`, `meetings`.`agenda`, `meetings`.`location`
FROM `projects`
JOIN `users` ON `users`.`id` = `meetings`.`user_id`
JOIN `projects` ON `projects`.`id` = `meetings`.`project_id`
WHERE `meetings`.`id` = \'2\'
 LIMIT 1')
 2 SYSTEMPATH\Database\BaseConnection.php(648): CodeIgniter\Database\BaseConnection->simpleQuery('SELECT `meetings`.`meeting_title`, `users`.`username`, `projects`.`project_name`, `meetings`.`meeting_date`, `meetings`.`start_time`, `meetings`.`end_time`, `meetings`.`agenda`, `meetings`.`location`
FROM `projects`
JOIN `users` ON `users`.`id` = `meetings`.`user_id`
JOIN `projects` ON `projects`.`id` = `meetings`.`project_id`
WHERE `meetings`.`id` = \'2\'
 LIMIT 1')
 3 SYSTEMPATH\Database\BaseBuilder.php(1644): CodeIgniter\Database\BaseConnection->query('SELECT `meetings`.`meeting_title`, `users`.`username`, `projects`.`project_name`, `meetings`.`meeting_date`, `meetings`.`start_time`, `meetings`.`end_time`, `meetings`.`agenda`, `meetings`.`location`
FROM `projects`
JOIN `users` ON `users`.`id` = `meetings`.`user_id`
JOIN `projects` ON `projects`.`id` = `meetings`.`project_id`
WHERE `meetings`.`id` = :meetings.id:
 LIMIT 1', [...], false)
 4 SYSTEMPATH\Model.php(330): CodeIgniter\Database\BaseBuilder->get()
 5 SYSTEMPATH\BaseModel.php(714): CodeIgniter\Model->doFirst()
 6 APPPATH\Controllers\MeetingController.php(157): CodeIgniter\BaseModel->first()
 7 SYSTEMPATH\CodeIgniter.php(933): App\Controllers\MeetingController->details('2')
 8 SYSTEMPATH\CodeIgniter.php(509): CodeIgniter\CodeIgniter->runController(Object(App\Controllers\MeetingController))
 9 SYSTEMPATH\CodeIgniter.php(355): CodeIgniter\CodeIgniter->handleRequest(null, Object(Config\Cache), false)
10 SYSTEMPATH\Boot.php(325): CodeIgniter\CodeIgniter->run()
11 SYSTEMPATH\Boot.php(67): CodeIgniter\Boot::runCodeIgniter(Object(CodeIgniter\CodeIgniter))
12 FCPATH\index.php(56): CodeIgniter\Boot::bootWeb(Object(Config\Paths))
13 SYSTEMPATH\rewrite.php(44): require_once('C:\\xampp\\htdocs\\sneha\\codeigniter\\admin_role\\public\\index.php')
CRITICAL - 2024-12-16 07:23:47 --> [Caused by] mysqli_sql_exception: Not unique table/alias: 'projects'
in SYSTEMPATH\Database\MySQLi\Connection.php on line 312.
 1 SYSTEMPATH\Database\MySQLi\Connection.php(312): mysqli->query('SELECT `meetings`.`meeting_title`, `users`.`username`, `projects`.`project_name`, `meetings`.`meeting_date`, `meetings`.`start_time`, `meetings`.`end_time`, `meetings`.`agenda`, `meetings`.`location`
FROM `projects`
JOIN `users` ON `users`.`id` = `meetings`.`user_id`
JOIN `projects` ON `projects`.`id` = `meetings`.`project_id`
WHERE `meetings`.`id` = \'2\'
 LIMIT 1', 0)
 2 SYSTEMPATH\Database\BaseConnection.php(734): CodeIgniter\Database\MySQLi\Connection->execute('SELECT `meetings`.`meeting_title`, `users`.`username`, `projects`.`project_name`, `meetings`.`meeting_date`, `meetings`.`start_time`, `meetings`.`end_time`, `meetings`.`agenda`, `meetings`.`location`
FROM `projects`
JOIN `users` ON `users`.`id` = `meetings`.`user_id`
JOIN `projects` ON `projects`.`id` = `meetings`.`project_id`
WHERE `meetings`.`id` = \'2\'
 LIMIT 1')
 3 SYSTEMPATH\Database\BaseConnection.php(648): CodeIgniter\Database\BaseConnection->simpleQuery('SELECT `meetings`.`meeting_title`, `users`.`username`, `projects`.`project_name`, `meetings`.`meeting_date`, `meetings`.`start_time`, `meetings`.`end_time`, `meetings`.`agenda`, `meetings`.`location`
FROM `projects`
JOIN `users` ON `users`.`id` = `meetings`.`user_id`
JOIN `projects` ON `projects`.`id` = `meetings`.`project_id`
WHERE `meetings`.`id` = \'2\'
 LIMIT 1')
 4 SYSTEMPATH\Database\BaseBuilder.php(1644): CodeIgniter\Database\BaseConnection->query('SELECT `meetings`.`meeting_title`, `users`.`username`, `projects`.`project_name`, `meetings`.`meeting_date`, `meetings`.`start_time`, `meetings`.`end_time`, `meetings`.`agenda`, `meetings`.`location`
FROM `projects`
JOIN `users` ON `users`.`id` = `meetings`.`user_id`
JOIN `projects` ON `projects`.`id` = `meetings`.`project_id`
WHERE `meetings`.`id` = :meetings.id:
 LIMIT 1', [...], false)
 5 SYSTEMPATH\Model.php(330): CodeIgniter\Database\BaseBuilder->get()
 6 SYSTEMPATH\BaseModel.php(714): CodeIgniter\Model->doFirst()
 7 APPPATH\Controllers\MeetingController.php(157): CodeIgniter\BaseModel->first()
 8 SYSTEMPATH\CodeIgniter.php(933): App\Controllers\MeetingController->details('2')
 9 SYSTEMPATH\CodeIgniter.php(509): CodeIgniter\CodeIgniter->runController(Object(App\Controllers\MeetingController))
10 SYSTEMPATH\CodeIgniter.php(355): CodeIgniter\CodeIgniter->handleRequest(null, Object(Config\Cache), false)
11 SYSTEMPATH\Boot.php(325): CodeIgniter\CodeIgniter->run()
12 SYSTEMPATH\Boot.php(67): CodeIgniter\Boot::runCodeIgniter(Object(CodeIgniter\CodeIgniter))
13 FCPATH\index.php(56): CodeIgniter\Boot::bootWeb(Object(Config\Paths))
14 SYSTEMPATH\rewrite.php(44): require_once('C:\\xampp\\htdocs\\sneha\\codeigniter\\admin_role\\public\\index.php')
ERROR - 2024-12-16 07:26:12 --> mysqli_sql_exception: Not unique table/alias: 'projects' in C:\xampp\htdocs\sneha\codeigniter\admin_role\system\Database\MySQLi\Connection.php:312
Stack trace:
#0 C:\xampp\htdocs\sneha\codeigniter\admin_role\system\Database\MySQLi\Connection.php(312): mysqli->query('SELECT `meeting...', 0)
#1 C:\xampp\htdocs\sneha\codeigniter\admin_role\system\Database\BaseConnection.php(734): CodeIgniter\Database\MySQLi\Connection->execute('SELECT `meeting...')
#2 C:\xampp\htdocs\sneha\codeigniter\admin_role\system\Database\BaseConnection.php(648): CodeIgniter\Database\BaseConnection->simpleQuery('SELECT `meeting...')
#3 C:\xampp\htdocs\sneha\codeigniter\admin_role\system\Database\BaseBuilder.php(1644): CodeIgniter\Database\BaseConnection->query('SELECT `meeting...', Array, false)
#4 C:\xampp\htdocs\sneha\codeigniter\admin_role\system\Model.php(330): CodeIgniter\Database\BaseBuilder->get()
#5 C:\xampp\htdocs\sneha\codeigniter\admin_role\system\BaseModel.php(714): CodeIgniter\Model->doFirst()
#6 C:\xampp\htdocs\sneha\codeigniter\admin_role\app\Controllers\MeetingController.php(157): CodeIgniter\BaseModel->first()
#7 C:\xampp\htdocs\sneha\codeigniter\admin_role\system\CodeIgniter.php(933): App\Controllers\MeetingController->details('2')
#8 C:\xampp\htdocs\sneha\codeigniter\admin_role\system\CodeIgniter.php(509): CodeIgniter\CodeIgniter->runController(Object(App\Controllers\MeetingController))
#9 C:\xampp\htdocs\sneha\codeigniter\admin_role\system\CodeIgniter.php(355): CodeIgniter\CodeIgniter->handleRequest(NULL, Object(Config\Cache), false)
#10 C:\xampp\htdocs\sneha\codeigniter\admin_role\system\Boot.php(325): CodeIgniter\CodeIgniter->run()
#11 C:\xampp\htdocs\sneha\codeigniter\admin_role\system\Boot.php(67): CodeIgniter\Boot::runCodeIgniter(Object(CodeIgniter\CodeIgniter))
#12 C:\xampp\htdocs\sneha\codeigniter\admin_role\public\index.php(56): CodeIgniter\Boot::bootWeb(Object(Config\Paths))
#13 C:\xampp\htdocs\sneha\codeigniter\admin_role\system\rewrite.php(44): require_once('C:\\xampp\\htdocs...')
#14 {main}
CRITICAL - 2024-12-16 07:26:12 --> CodeIgniter\Database\Exceptions\DatabaseException: Not unique table/alias: 'projects'
[Method: GET, Route: meeting/details/2]
in SYSTEMPATH\Database\BaseConnection.php on line 688.
 1 SYSTEMPATH\Database\BaseBuilder.php(1644): CodeIgniter\Database\BaseConnection->query('SELECT `meetings`.`meeting_title`, `users`.`username`, `projects`.`project_name`, `meetings`.`meeting_date`, `meetings`.`start_time`, `meetings`.`end_time`, `meetings`.`agenda`, `meetings`.`location`
FROM `projects`
JOIN `users` ON `users`.`id` = `meetings`.`user_id`
JOIN `projects` ON `projects`.`id` = `meetings`.`project_id`
WHERE `meetings`.`id` = :meetings.id:
 LIMIT 1', [...], false)
 2 SYSTEMPATH\Model.php(330): CodeIgniter\Database\BaseBuilder->get()
 3 SYSTEMPATH\BaseModel.php(714): CodeIgniter\Model->doFirst()
 4 APPPATH\Controllers\MeetingController.php(157): CodeIgniter\BaseModel->first()
 5 SYSTEMPATH\CodeIgniter.php(933): App\Controllers\MeetingController->details('2')
 6 SYSTEMPATH\CodeIgniter.php(509): CodeIgniter\CodeIgniter->runController(Object(App\Controllers\MeetingController))
 7 SYSTEMPATH\CodeIgniter.php(355): CodeIgniter\CodeIgniter->handleRequest(null, Object(Config\Cache), false)
 8 SYSTEMPATH\Boot.php(325): CodeIgniter\CodeIgniter->run()
 9 SYSTEMPATH\Boot.php(67): CodeIgniter\Boot::runCodeIgniter(Object(CodeIgniter\CodeIgniter))
10 FCPATH\index.php(56): CodeIgniter\Boot::bootWeb(Object(Config\Paths))
11 SYSTEMPATH\rewrite.php(44): require_once('C:\\xampp\\htdocs\\sneha\\codeigniter\\admin_role\\public\\index.php')
CRITICAL - 2024-12-16 07:26:12 --> [Caused by] CodeIgniter\Database\Exceptions\DatabaseException: Not unique table/alias: 'projects'
in SYSTEMPATH\Database\MySQLi\Connection.php on line 317.
 1 SYSTEMPATH\Database\BaseConnection.php(734): CodeIgniter\Database\MySQLi\Connection->execute('SELECT `meetings`.`meeting_title`, `users`.`username`, `projects`.`project_name`, `meetings`.`meeting_date`, `meetings`.`start_time`, `meetings`.`end_time`, `meetings`.`agenda`, `meetings`.`location`
FROM `projects`
JOIN `users` ON `users`.`id` = `meetings`.`user_id`
JOIN `projects` ON `projects`.`id` = `meetings`.`project_id`
WHERE `meetings`.`id` = \'2\'
 LIMIT 1')
 2 SYSTEMPATH\Database\BaseConnection.php(648): CodeIgniter\Database\BaseConnection->simpleQuery('SELECT `meetings`.`meeting_title`, `users`.`username`, `projects`.`project_name`, `meetings`.`meeting_date`, `meetings`.`start_time`, `meetings`.`end_time`, `meetings`.`agenda`, `meetings`.`location`
FROM `projects`
JOIN `users` ON `users`.`id` = `meetings`.`user_id`
JOIN `projects` ON `projects`.`id` = `meetings`.`project_id`
WHERE `meetings`.`id` = \'2\'
 LIMIT 1')
 3 SYSTEMPATH\Database\BaseBuilder.php(1644): CodeIgniter\Database\BaseConnection->query('SELECT `meetings`.`meeting_title`, `users`.`username`, `projects`.`project_name`, `meetings`.`meeting_date`, `meetings`.`start_time`, `meetings`.`end_time`, `meetings`.`agenda`, `meetings`.`location`
FROM `projects`
JOIN `users` ON `users`.`id` = `meetings`.`user_id`
JOIN `projects` ON `projects`.`id` = `meetings`.`project_id`
WHERE `meetings`.`id` = :meetings.id:
 LIMIT 1', [...], false)
 4 SYSTEMPATH\Model.php(330): CodeIgniter\Database\BaseBuilder->get()
 5 SYSTEMPATH\BaseModel.php(714): CodeIgniter\Model->doFirst()
 6 APPPATH\Controllers\MeetingController.php(157): CodeIgniter\BaseModel->first()
 7 SYSTEMPATH\CodeIgniter.php(933): App\Controllers\MeetingController->details('2')
 8 SYSTEMPATH\CodeIgniter.php(509): CodeIgniter\CodeIgniter->runController(Object(App\Controllers\MeetingController))
 9 SYSTEMPATH\CodeIgniter.php(355): CodeIgniter\CodeIgniter->handleRequest(null, Object(Config\Cache), false)
10 SYSTEMPATH\Boot.php(325): CodeIgniter\CodeIgniter->run()
11 SYSTEMPATH\Boot.php(67): CodeIgniter\Boot::runCodeIgniter(Object(CodeIgniter\CodeIgniter))
12 FCPATH\index.php(56): CodeIgniter\Boot::bootWeb(Object(Config\Paths))
13 SYSTEMPATH\rewrite.php(44): require_once('C:\\xampp\\htdocs\\sneha\\codeigniter\\admin_role\\public\\index.php')
CRITICAL - 2024-12-16 07:26:12 --> [Caused by] mysqli_sql_exception: Not unique table/alias: 'projects'
in SYSTEMPATH\Database\MySQLi\Connection.php on line 312.
 1 SYSTEMPATH\Database\MySQLi\Connection.php(312): mysqli->query('SELECT `meetings`.`meeting_title`, `users`.`username`, `projects`.`project_name`, `meetings`.`meeting_date`, `meetings`.`start_time`, `meetings`.`end_time`, `meetings`.`agenda`, `meetings`.`location`
FROM `projects`
JOIN `users` ON `users`.`id` = `meetings`.`user_id`
JOIN `projects` ON `projects`.`id` = `meetings`.`project_id`
WHERE `meetings`.`id` = \'2\'
 LIMIT 1', 0)
 2 SYSTEMPATH\Database\BaseConnection.php(734): CodeIgniter\Database\MySQLi\Connection->execute('SELECT `meetings`.`meeting_title`, `users`.`username`, `projects`.`project_name`, `meetings`.`meeting_date`, `meetings`.`start_time`, `meetings`.`end_time`, `meetings`.`agenda`, `meetings`.`location`
FROM `projects`
JOIN `users` ON `users`.`id` = `meetings`.`user_id`
JOIN `projects` ON `projects`.`id` = `meetings`.`project_id`
WHERE `meetings`.`id` = \'2\'
 LIMIT 1')
 3 SYSTEMPATH\Database\BaseConnection.php(648): CodeIgniter\Database\BaseConnection->simpleQuery('SELECT `meetings`.`meeting_title`, `users`.`username`, `projects`.`project_name`, `meetings`.`meeting_date`, `meetings`.`start_time`, `meetings`.`end_time`, `meetings`.`agenda`, `meetings`.`location`
FROM `projects`
JOIN `users` ON `users`.`id` = `meetings`.`user_id`
JOIN `projects` ON `projects`.`id` = `meetings`.`project_id`
WHERE `meetings`.`id` = \'2\'
 LIMIT 1')
 4 SYSTEMPATH\Database\BaseBuilder.php(1644): CodeIgniter\Database\BaseConnection->query('SELECT `meetings`.`meeting_title`, `users`.`username`, `projects`.`project_name`, `meetings`.`meeting_date`, `meetings`.`start_time`, `meetings`.`end_time`, `meetings`.`agenda`, `meetings`.`location`
FROM `projects`
JOIN `users` ON `users`.`id` = `meetings`.`user_id`
JOIN `projects` ON `projects`.`id` = `meetings`.`project_id`
WHERE `meetings`.`id` = :meetings.id:
 LIMIT 1', [...], false)
 5 SYSTEMPATH\Model.php(330): CodeIgniter\Database\BaseBuilder->get()
 6 SYSTEMPATH\BaseModel.php(714): CodeIgniter\Model->doFirst()
 7 APPPATH\Controllers\MeetingController.php(157): CodeIgniter\BaseModel->first()
 8 SYSTEMPATH\CodeIgniter.php(933): App\Controllers\MeetingController->details('2')
 9 SYSTEMPATH\CodeIgniter.php(509): CodeIgniter\CodeIgniter->runController(Object(App\Controllers\MeetingController))
10 SYSTEMPATH\CodeIgniter.php(355): CodeIgniter\CodeIgniter->handleRequest(null, Object(Config\Cache), false)
11 SYSTEMPATH\Boot.php(325): CodeIgniter\CodeIgniter->run()
12 SYSTEMPATH\Boot.php(67): CodeIgniter\Boot::runCodeIgniter(Object(CodeIgniter\CodeIgniter))
13 FCPATH\index.php(56): CodeIgniter\Boot::bootWeb(Object(Config\Paths))
14 SYSTEMPATH\rewrite.php(44): require_once('C:\\xampp\\htdocs\\sneha\\codeigniter\\admin_role\\public\\index.php')
ERROR - 2024-12-16 07:27:34 --> mysqli_sql_exception: Not unique table/alias: 'projects' in C:\xampp\htdocs\sneha\codeigniter\admin_role\system\Database\MySQLi\Connection.php:312
Stack trace:
#0 C:\xampp\htdocs\sneha\codeigniter\admin_role\system\Database\MySQLi\Connection.php(312): mysqli->query('SELECT `meeting...', 0)
#1 C:\xampp\htdocs\sneha\codeigniter\admin_role\system\Database\BaseConnection.php(734): CodeIgniter\Database\MySQLi\Connection->execute('SELECT `meeting...')
#2 C:\xampp\htdocs\sneha\codeigniter\admin_role\system\Database\BaseConnection.php(648): CodeIgniter\Database\BaseConnection->simpleQuery('SELECT `meeting...')
#3 C:\xampp\htdocs\sneha\codeigniter\admin_role\system\Database\BaseBuilder.php(1644): CodeIgniter\Database\BaseConnection->query('SELECT `meeting...', Array, false)
#4 C:\xampp\htdocs\sneha\codeigniter\admin_role\system\Model.php(330): CodeIgniter\Database\BaseBuilder->get()
#5 C:\xampp\htdocs\sneha\codeigniter\admin_role\system\BaseModel.php(714): CodeIgniter\Model->doFirst()
#6 C:\xampp\htdocs\sneha\codeigniter\admin_role\app\Controllers\MeetingController.php(157): CodeIgniter\BaseModel->first()
#7 C:\xampp\htdocs\sneha\codeigniter\admin_role\system\CodeIgniter.php(933): App\Controllers\MeetingController->details('2')
#8 C:\xampp\htdocs\sneha\codeigniter\admin_role\system\CodeIgniter.php(509): CodeIgniter\CodeIgniter->runController(Object(App\Controllers\MeetingController))
#9 C:\xampp\htdocs\sneha\codeigniter\admin_role\system\CodeIgniter.php(355): CodeIgniter\CodeIgniter->handleRequest(NULL, Object(Config\Cache), false)
#10 C:\xampp\htdocs\sneha\codeigniter\admin_role\system\Boot.php(325): CodeIgniter\CodeIgniter->run()
#11 C:\xampp\htdocs\sneha\codeigniter\admin_role\system\Boot.php(67): CodeIgniter\Boot::runCodeIgniter(Object(CodeIgniter\CodeIgniter))
#12 C:\xampp\htdocs\sneha\codeigniter\admin_role\public\index.php(56): CodeIgniter\Boot::bootWeb(Object(Config\Paths))
#13 C:\xampp\htdocs\sneha\codeigniter\admin_role\system\rewrite.php(44): require_once('C:\\xampp\\htdocs...')
#14 {main}
CRITICAL - 2024-12-16 07:27:34 --> CodeIgniter\Database\Exceptions\DatabaseException: Not unique table/alias: 'projects'
[Method: GET, Route: meeting/details/2]
in SYSTEMPATH\Database\BaseConnection.php on line 688.
 1 SYSTEMPATH\Database\BaseBuilder.php(1644): CodeIgniter\Database\BaseConnection->query('SELECT `meetings`.`meeting_title`, `users`.`username`, `projects`.`project_name`, `meetings`.`meeting_date`, `meetings`.`start_time`, `meetings`.`end_time`, `meetings`.`agenda`, `meetings`.`location`
FROM `projects`
JOIN `users` ON `users`.`id` = `meetings`.`user_id`
JOIN `projects` ON `projects`.`id` = `meetings`.`project_id`
WHERE `meetings`.`id` = :meetings.id:
 LIMIT 1', [...], false)
 2 SYSTEMPATH\Model.php(330): CodeIgniter\Database\BaseBuilder->get()
 3 SYSTEMPATH\BaseModel.php(714): CodeIgniter\Model->doFirst()
 4 APPPATH\Controllers\MeetingController.php(157): CodeIgniter\BaseModel->first()
 5 SYSTEMPATH\CodeIgniter.php(933): App\Controllers\MeetingController->details('2')
 6 SYSTEMPATH\CodeIgniter.php(509): CodeIgniter\CodeIgniter->runController(Object(App\Controllers\MeetingController))
 7 SYSTEMPATH\CodeIgniter.php(355): CodeIgniter\CodeIgniter->handleRequest(null, Object(Config\Cache), false)
 8 SYSTEMPATH\Boot.php(325): CodeIgniter\CodeIgniter->run()
 9 SYSTEMPATH\Boot.php(67): CodeIgniter\Boot::runCodeIgniter(Object(CodeIgniter\CodeIgniter))
10 FCPATH\index.php(56): CodeIgniter\Boot::bootWeb(Object(Config\Paths))
11 SYSTEMPATH\rewrite.php(44): require_once('C:\\xampp\\htdocs\\sneha\\codeigniter\\admin_role\\public\\index.php')
CRITICAL - 2024-12-16 07:27:34 --> [Caused by] CodeIgniter\Database\Exceptions\DatabaseException: Not unique table/alias: 'projects'
in SYSTEMPATH\Database\MySQLi\Connection.php on line 317.
 1 SYSTEMPATH\Database\BaseConnection.php(734): CodeIgniter\Database\MySQLi\Connection->execute('SELECT `meetings`.`meeting_title`, `users`.`username`, `projects`.`project_name`, `meetings`.`meeting_date`, `meetings`.`start_time`, `meetings`.`end_time`, `meetings`.`agenda`, `meetings`.`location`
FROM `projects`
JOIN `users` ON `users`.`id` = `meetings`.`user_id`
JOIN `projects` ON `projects`.`id` = `meetings`.`project_id`
WHERE `meetings`.`id` = \'2\'
 LIMIT 1')
 2 SYSTEMPATH\Database\BaseConnection.php(648): CodeIgniter\Database\BaseConnection->simpleQuery('SELECT `meetings`.`meeting_title`, `users`.`username`, `projects`.`project_name`, `meetings`.`meeting_date`, `meetings`.`start_time`, `meetings`.`end_time`, `meetings`.`agenda`, `meetings`.`location`
FROM `projects`
JOIN `users` ON `users`.`id` = `meetings`.`user_id`
JOIN `projects` ON `projects`.`id` = `meetings`.`project_id`
WHERE `meetings`.`id` = \'2\'
 LIMIT 1')
 3 SYSTEMPATH\Database\BaseBuilder.php(1644): CodeIgniter\Database\BaseConnection->query('SELECT `meetings`.`meeting_title`, `users`.`username`, `projects`.`project_name`, `meetings`.`meeting_date`, `meetings`.`start_time`, `meetings`.`end_time`, `meetings`.`agenda`, `meetings`.`location`
FROM `projects`
JOIN `users` ON `users`.`id` = `meetings`.`user_id`
JOIN `projects` ON `projects`.`id` = `meetings`.`project_id`
WHERE `meetings`.`id` = :meetings.id:
 LIMIT 1', [...], false)
 4 SYSTEMPATH\Model.php(330): CodeIgniter\Database\BaseBuilder->get()
 5 SYSTEMPATH\BaseModel.php(714): CodeIgniter\Model->doFirst()
 6 APPPATH\Controllers\MeetingController.php(157): CodeIgniter\BaseModel->first()
 7 SYSTEMPATH\CodeIgniter.php(933): App\Controllers\MeetingController->details('2')
 8 SYSTEMPATH\CodeIgniter.php(509): CodeIgniter\CodeIgniter->runController(Object(App\Controllers\MeetingController))
 9 SYSTEMPATH\CodeIgniter.php(355): CodeIgniter\CodeIgniter->handleRequest(null, Object(Config\Cache), false)
10 SYSTEMPATH\Boot.php(325): CodeIgniter\CodeIgniter->run()
11 SYSTEMPATH\Boot.php(67): CodeIgniter\Boot::runCodeIgniter(Object(CodeIgniter\CodeIgniter))
12 FCPATH\index.php(56): CodeIgniter\Boot::bootWeb(Object(Config\Paths))
13 SYSTEMPATH\rewrite.php(44): require_once('C:\\xampp\\htdocs\\sneha\\codeigniter\\admin_role\\public\\index.php')
CRITICAL - 2024-12-16 07:27:34 --> [Caused by] mysqli_sql_exception: Not unique table/alias: 'projects'
in SYSTEMPATH\Database\MySQLi\Connection.php on line 312.
 1 SYSTEMPATH\Database\MySQLi\Connection.php(312): mysqli->query('SELECT `meetings`.`meeting_title`, `users`.`username`, `projects`.`project_name`, `meetings`.`meeting_date`, `meetings`.`start_time`, `meetings`.`end_time`, `meetings`.`agenda`, `meetings`.`location`
FROM `projects`
JOIN `users` ON `users`.`id` = `meetings`.`user_id`
JOIN `projects` ON `projects`.`id` = `meetings`.`project_id`
WHERE `meetings`.`id` = \'2\'
 LIMIT 1', 0)
 2 SYSTEMPATH\Database\BaseConnection.php(734): CodeIgniter\Database\MySQLi\Connection->execute('SELECT `meetings`.`meeting_title`, `users`.`username`, `projects`.`project_name`, `meetings`.`meeting_date`, `meetings`.`start_time`, `meetings`.`end_time`, `meetings`.`agenda`, `meetings`.`location`
FROM `projects`
JOIN `users` ON `users`.`id` = `meetings`.`user_id`
JOIN `projects` ON `projects`.`id` = `meetings`.`project_id`
WHERE `meetings`.`id` = \'2\'
 LIMIT 1')
 3 SYSTEMPATH\Database\BaseConnection.php(648): CodeIgniter\Database\BaseConnection->simpleQuery('SELECT `meetings`.`meeting_title`, `users`.`username`, `projects`.`project_name`, `meetings`.`meeting_date`, `meetings`.`start_time`, `meetings`.`end_time`, `meetings`.`agenda`, `meetings`.`location`
FROM `projects`
JOIN `users` ON `users`.`id` = `meetings`.`user_id`
JOIN `projects` ON `projects`.`id` = `meetings`.`project_id`
WHERE `meetings`.`id` = \'2\'
 LIMIT 1')
 4 SYSTEMPATH\Database\BaseBuilder.php(1644): CodeIgniter\Database\BaseConnection->query('SELECT `meetings`.`meeting_title`, `users`.`username`, `projects`.`project_name`, `meetings`.`meeting_date`, `meetings`.`start_time`, `meetings`.`end_time`, `meetings`.`agenda`, `meetings`.`location`
FROM `projects`
JOIN `users` ON `users`.`id` = `meetings`.`user_id`
JOIN `projects` ON `projects`.`id` = `meetings`.`project_id`
WHERE `meetings`.`id` = :meetings.id:
 LIMIT 1', [...], false)
 5 SYSTEMPATH\Model.php(330): CodeIgniter\Database\BaseBuilder->get()
 6 SYSTEMPATH\BaseModel.php(714): CodeIgniter\Model->doFirst()
 7 APPPATH\Controllers\MeetingController.php(157): CodeIgniter\BaseModel->first()
 8 SYSTEMPATH\CodeIgniter.php(933): App\Controllers\MeetingController->details('2')
 9 SYSTEMPATH\CodeIgniter.php(509): CodeIgniter\CodeIgniter->runController(Object(App\Controllers\MeetingController))
10 SYSTEMPATH\CodeIgniter.php(355): CodeIgniter\CodeIgniter->handleRequest(null, Object(Config\Cache), false)
11 SYSTEMPATH\Boot.php(325): CodeIgniter\CodeIgniter->run()
12 SYSTEMPATH\Boot.php(67): CodeIgniter\Boot::runCodeIgniter(Object(CodeIgniter\CodeIgniter))
13 FCPATH\index.php(56): CodeIgniter\Boot::bootWeb(Object(Config\Paths))
14 SYSTEMPATH\rewrite.php(44): require_once('C:\\xampp\\htdocs\\sneha\\codeigniter\\admin_role\\public\\index.php')
INFO - 2024-12-16 08:16:53 --> Session: Class initialized using 'CodeIgniter\Session\Handlers\FileHandler' driver.
CRITICAL - 2024-12-16 08:16:53 --> BadMethodCallException: Call to undefined method App\Models\UserModel::getUsersWithMessages
[Method: GET, Route: chat/getUsers]
in SYSTEMPATH\Model.php on line 932.
 1 APPPATH\Controllers\ChatController.php(20): CodeIgniter\Model->__call('getUsersWithMessages', [...])
 2 SYSTEMPATH\CodeIgniter.php(933): App\Controllers\ChatController->getUsers()
 3 SYSTEMPATH\CodeIgniter.php(509): CodeIgniter\CodeIgniter->runController(Object(App\Controllers\ChatController))
 4 SYSTEMPATH\CodeIgniter.php(355): CodeIgniter\CodeIgniter->handleRequest(null, Object(Config\Cache), false)
 5 SYSTEMPATH\Boot.php(325): CodeIgniter\CodeIgniter->run()
 6 SYSTEMPATH\Boot.php(67): CodeIgniter\Boot::runCodeIgniter(Object(CodeIgniter\CodeIgniter))
 7 FCPATH\index.php(56): CodeIgniter\Boot::bootWeb(Object(Config\Paths))
 8 SYSTEMPATH\rewrite.php(44): require_once('C:\\xampp\\htdocs\\sneha\\codeigniter\\admin_role\\public\\index.php')
INFO - 2024-12-16 08:16:56 --> Session: Class initialized using 'CodeIgniter\Session\Handlers\FileHandler' driver.
CRITICAL - 2024-12-16 08:16:56 --> BadMethodCallException: Call to undefined method App\Models\UserModel::getUsersWithMessages
[Method: GET, Route: chat/getUsers]
in SYSTEMPATH\Model.php on line 932.
 1 APPPATH\Controllers\ChatController.php(20): CodeIgniter\Model->__call('getUsersWithMessages', [...])
 2 SYSTEMPATH\CodeIgniter.php(933): App\Controllers\ChatController->getUsers()
 3 SYSTEMPATH\CodeIgniter.php(509): CodeIgniter\CodeIgniter->runController(Object(App\Controllers\ChatController))
 4 SYSTEMPATH\CodeIgniter.php(355): CodeIgniter\CodeIgniter->handleRequest(null, Object(Config\Cache), false)
 5 SYSTEMPATH\Boot.php(325): CodeIgniter\CodeIgniter->run()
 6 SYSTEMPATH\Boot.php(67): CodeIgniter\Boot::runCodeIgniter(Object(CodeIgniter\CodeIgniter))
 7 FCPATH\index.php(56): CodeIgniter\Boot::bootWeb(Object(Config\Paths))
 8 SYSTEMPATH\rewrite.php(44): require_once('C:\\xampp\\htdocs\\sneha\\codeigniter\\admin_role\\public\\index.php')
INFO - 2024-12-16 08:17:05 --> Session: Class initialized using 'CodeIgniter\Session\Handlers\FileHandler' driver.
CRITICAL - 2024-12-16 08:17:05 --> BadMethodCallException: Call to undefined method App\Models\UserModel::getUsersWithMessages
[Method: GET, Route: chat/getUsers]
in SYSTEMPATH\Model.php on line 932.
 1 APPPATH\Controllers\ChatController.php(20): CodeIgniter\Model->__call('getUsersWithMessages', [...])
 2 SYSTEMPATH\CodeIgniter.php(933): App\Controllers\ChatController->getUsers()
 3 SYSTEMPATH\CodeIgniter.php(509): CodeIgniter\CodeIgniter->runController(Object(App\Controllers\ChatController))
 4 SYSTEMPATH\CodeIgniter.php(355): CodeIgniter\CodeIgniter->handleRequest(null, Object(Config\Cache), false)
 5 SYSTEMPATH\Boot.php(325): CodeIgniter\CodeIgniter->run()
 6 SYSTEMPATH\Boot.php(67): CodeIgniter\Boot::runCodeIgniter(Object(CodeIgniter\CodeIgniter))
 7 FCPATH\index.php(56): CodeIgniter\Boot::bootWeb(Object(Config\Paths))
 8 SYSTEMPATH\rewrite.php(44): require_once('C:\\xampp\\htdocs\\sneha\\codeigniter\\admin_role\\public\\index.php')
INFO - 2024-12-16 08:18:03 --> Session: Class initialized using 'CodeIgniter\Session\Handlers\FileHandler' driver.
ERROR - 2024-12-16 08:18:03 --> mysqli_sql_exception: You have an error in your SQL syntax; check the manual that corresponds to your MariaDB server version for the right syntax to use near '?)
                              OR (receiver_id = users.id AND sender_id = ...' at line 2 in C:\xampp\htdocs\sneha\codeigniter\admin_role\system\Database\MySQLi\Connection.php:312
Stack trace:
#0 C:\xampp\htdocs\sneha\codeigniter\admin_role\system\Database\MySQLi\Connection.php(312): mysqli->query('SELECT `users`....', 0)
#1 C:\xampp\htdocs\sneha\codeigniter\admin_role\system\Database\BaseConnection.php(734): CodeIgniter\Database\MySQLi\Connection->execute('SELECT `users`....')
#2 C:\xampp\htdocs\sneha\codeigniter\admin_role\system\Database\BaseConnection.php(648): CodeIgniter\Database\BaseConnection->simpleQuery('SELECT `users`....')
#3 C:\xampp\htdocs\sneha\codeigniter\admin_role\system\Database\BaseBuilder.php(1644): CodeIgniter\Database\BaseConnection->query('SELECT `users`....', Array, false)
#4 C:\xampp\htdocs\sneha\codeigniter\admin_role\app\Models\UserModel.php(29): CodeIgniter\Database\BaseBuilder->get()
#5 C:\xampp\htdocs\sneha\codeigniter\admin_role\app\Controllers\ChatController.php(20): App\Models\UserModel->getUsersWithMessages(NULL)
#6 C:\xampp\htdocs\sneha\codeigniter\admin_role\system\CodeIgniter.php(933): App\Controllers\ChatController->getUsers()
#7 C:\xampp\htdocs\sneha\codeigniter\admin_role\system\CodeIgniter.php(509): CodeIgniter\CodeIgniter->runController(Object(App\Controllers\ChatController))
#8 C:\xampp\htdocs\sneha\codeigniter\admin_role\system\CodeIgniter.php(355): CodeIgniter\CodeIgniter->handleRequest(NULL, Object(Config\Cache), false)
#9 C:\xampp\htdocs\sneha\codeigniter\admin_role\system\Boot.php(325): CodeIgniter\CodeIgniter->run()
#10 C:\xampp\htdocs\sneha\codeigniter\admin_role\system\Boot.php(67): CodeIgniter\Boot::runCodeIgniter(Object(CodeIgniter\CodeIgniter))
#11 C:\xampp\htdocs\sneha\codeigniter\admin_role\public\index.php(56): CodeIgniter\Boot::bootWeb(Object(Config\Paths))
#12 C:\xampp\htdocs\sneha\codeigniter\admin_role\system\rewrite.php(44): require_once('C:\\xampp\\htdocs...')
#13 {main}
CRITICAL - 2024-12-16 08:18:03 --> CodeIgniter\Database\Exceptions\DatabaseException: You have an error in your SQL syntax; check the manual that corresponds to your MariaDB server version for the right syntax to use near '?)
                              OR (receiver_id = users.id AND sender_id = ...' at line 2
[Method: GET, Route: chat/getUsers]
in SYSTEMPATH\Database\BaseConnection.php on line 688.
 1 SYSTEMPATH\Database\BaseBuilder.php(1644): CodeIgniter\Database\BaseConnection->query('SELECT `users`.`id`, `users`.`username`, `users_info`.`profile_image`, (SELECT message FROM chats
                           WHERE (sender_id = users.id AND receiver_id = ?)
                              OR (receiver_id = users.id AND sender_id = ?)
                           ORDER BY sent_at DESC LIMIT 1) AS last_message, (SELECT sent_at FROM chats 
                           WHERE (sender_id = users.id AND receiver_id = ?)
                              OR (receiver_id = users.id AND sender_id = ?)
                           ORDER BY sent_at DESC LIMIT 1) AS last_message_time
FROM `users`
LEFT JOIN `users_info` ON `users`.`id` = `users_info`.`users_id`
WHERE `users`.`id` IS NOT NULL
AND `users`.`role` IN :users.role:
ORDER BY `last_message_time` DESC', [...], false)
 2 APPPATH\Models\UserModel.php(29): CodeIgniter\Database\BaseBuilder->get()
 3 APPPATH\Controllers\ChatController.php(20): App\Models\UserModel->getUsersWithMessages(null)
 4 SYSTEMPATH\CodeIgniter.php(933): App\Controllers\ChatController->getUsers()
 5 SYSTEMPATH\CodeIgniter.php(509): CodeIgniter\CodeIgniter->runController(Object(App\Controllers\ChatController))
 6 SYSTEMPATH\CodeIgniter.php(355): CodeIgniter\CodeIgniter->handleRequest(null, Object(Config\Cache), false)
 7 SYSTEMPATH\Boot.php(325): CodeIgniter\CodeIgniter->run()
 8 SYSTEMPATH\Boot.php(67): CodeIgniter\Boot::runCodeIgniter(Object(CodeIgniter\CodeIgniter))
 9 FCPATH\index.php(56): CodeIgniter\Boot::bootWeb(Object(Config\Paths))
10 SYSTEMPATH\rewrite.php(44): require_once('C:\\xampp\\htdocs\\sneha\\codeigniter\\admin_role\\public\\index.php')
CRITICAL - 2024-12-16 08:18:03 --> [Caused by] CodeIgniter\Database\Exceptions\DatabaseException: You have an error in your SQL syntax; check the manual that corresponds to your MariaDB server version for the right syntax to use near '?)
                              OR (receiver_id = users.id AND sender_id = ...' at line 2
in SYSTEMPATH\Database\MySQLi\Connection.php on line 317.
 1 SYSTEMPATH\Database\BaseConnection.php(734): CodeIgniter\Database\MySQLi\Connection->execute('SELECT `users`.`id`, `users`.`username`, `users_info`.`profile_image`, (SELECT message FROM chats
                           WHERE (sender_id = users.id AND receiver_id = ?)
                              OR (receiver_id = users.id AND sender_id = ?)
                           ORDER BY sent_at DESC LIMIT 1) AS last_message, (SELECT sent_at FROM chats 
                           WHERE (sender_id = users.id AND receiver_id = ?)
                              OR (receiver_id = users.id AND sender_id = ?)
                           ORDER BY sent_at DESC LIMIT 1) AS last_message_time
FROM `users`
LEFT JOIN `users_info` ON `users`.`id` = `users_info`.`users_id`
WHERE `users`.`id` IS NOT NULL
AND `users`.`role` IN (1,2)
ORDER BY `last_message_time` DESC')
 2 SYSTEMPATH\Database\BaseConnection.php(648): CodeIgniter\Database\BaseConnection->simpleQuery('SELECT `users`.`id`, `users`.`username`, `users_info`.`profile_image`, (SELECT message FROM chats
                           WHERE (sender_id = users.id AND receiver_id = ?)
                              OR (receiver_id = users.id AND sender_id = ?)
                           ORDER BY sent_at DESC LIMIT 1) AS last_message, (SELECT sent_at FROM chats 
                           WHERE (sender_id = users.id AND receiver_id = ?)
                              OR (receiver_id = users.id AND sender_id = ?)
                           ORDER BY sent_at DESC LIMIT 1) AS last_message_time
FROM `users`
LEFT JOIN `users_info` ON `users`.`id` = `users_info`.`users_id`
WHERE `users`.`id` IS NOT NULL
AND `users`.`role` IN (1,2)
ORDER BY `last_message_time` DESC')
 3 SYSTEMPATH\Database\BaseBuilder.php(1644): CodeIgniter\Database\BaseConnection->query('SELECT `users`.`id`, `users`.`username`, `users_info`.`profile_image`, (SELECT message FROM chats
                           WHERE (sender_id = users.id AND receiver_id = ?)
                              OR (receiver_id = users.id AND sender_id = ?)
                           ORDER BY sent_at DESC LIMIT 1) AS last_message, (SELECT sent_at FROM chats 
                           WHERE (sender_id = users.id AND receiver_id = ?)
                              OR (receiver_id = users.id AND sender_id = ?)
                           ORDER BY sent_at DESC LIMIT 1) AS last_message_time
FROM `users`
LEFT JOIN `users_info` ON `users`.`id` = `users_info`.`users_id`
WHERE `users`.`id` IS NOT NULL
AND `users`.`role` IN :users.role:
ORDER BY `last_message_time` DESC', [...], false)
 4 APPPATH\Models\UserModel.php(29): CodeIgniter\Database\BaseBuilder->get()
 5 APPPATH\Controllers\ChatController.php(20): App\Models\UserModel->getUsersWithMessages(null)
 6 SYSTEMPATH\CodeIgniter.php(933): App\Controllers\ChatController->getUsers()
 7 SYSTEMPATH\CodeIgniter.php(509): CodeIgniter\CodeIgniter->runController(Object(App\Controllers\ChatController))
 8 SYSTEMPATH\CodeIgniter.php(355): CodeIgniter\CodeIgniter->handleRequest(null, Object(Config\Cache), false)
 9 SYSTEMPATH\Boot.php(325): CodeIgniter\CodeIgniter->run()
10 SYSTEMPATH\Boot.php(67): CodeIgniter\Boot::runCodeIgniter(Object(CodeIgniter\CodeIgniter))
11 FCPATH\index.php(56): CodeIgniter\Boot::bootWeb(Object(Config\Paths))
12 SYSTEMPATH\rewrite.php(44): require_once('C:\\xampp\\htdocs\\sneha\\codeigniter\\admin_role\\public\\index.php')
CRITICAL - 2024-12-16 08:18:03 --> [Caused by] mysqli_sql_exception: You have an error in your SQL syntax; check the manual that corresponds to your MariaDB server version for the right syntax to use near '?)
                              OR (receiver_id = users.id AND sender_id = ...' at line 2
in SYSTEMPATH\Database\MySQLi\Connection.php on line 312.
 1 SYSTEMPATH\Database\MySQLi\Connection.php(312): mysqli->query('SELECT `users`.`id`, `users`.`username`, `users_info`.`profile_image`, (SELECT message FROM chats
                           WHERE (sender_id = users.id AND receiver_id = ?)
                              OR (receiver_id = users.id AND sender_id = ?)
                           ORDER BY sent_at DESC LIMIT 1) AS last_message, (SELECT sent_at FROM chats 
                           WHERE (sender_id = users.id AND receiver_id = ?)
                              OR (receiver_id = users.id AND sender_id = ?)
                           ORDER BY sent_at DESC LIMIT 1) AS last_message_time
FROM `users`
LEFT JOIN `users_info` ON `users`.`id` = `users_info`.`users_id`
WHERE `users`.`id` IS NOT NULL
AND `users`.`role` IN (1,2)
ORDER BY `last_message_time` DESC', 0)
 2 SYSTEMPATH\Database\BaseConnection.php(734): CodeIgniter\Database\MySQLi\Connection->execute('SELECT `users`.`id`, `users`.`username`, `users_info`.`profile_image`, (SELECT message FROM chats
                           WHERE (sender_id = users.id AND receiver_id = ?)
                              OR (receiver_id = users.id AND sender_id = ?)
                           ORDER BY sent_at DESC LIMIT 1) AS last_message, (SELECT sent_at FROM chats 
                           WHERE (sender_id = users.id AND receiver_id = ?)
                              OR (receiver_id = users.id AND sender_id = ?)
                           ORDER BY sent_at DESC LIMIT 1) AS last_message_time
FROM `users`
LEFT JOIN `users_info` ON `users`.`id` = `users_info`.`users_id`
WHERE `users`.`id` IS NOT NULL
AND `users`.`role` IN (1,2)
ORDER BY `last_message_time` DESC')
 3 SYSTEMPATH\Database\BaseConnection.php(648): CodeIgniter\Database\BaseConnection->simpleQuery('SELECT `users`.`id`, `users`.`username`, `users_info`.`profile_image`, (SELECT message FROM chats
                           WHERE (sender_id = users.id AND receiver_id = ?)
                              OR (receiver_id = users.id AND sender_id = ?)
                           ORDER BY sent_at DESC LIMIT 1) AS last_message, (SELECT sent_at FROM chats 
                           WHERE (sender_id = users.id AND receiver_id = ?)
                              OR (receiver_id = users.id AND sender_id = ?)
                           ORDER BY sent_at DESC LIMIT 1) AS last_message_time
FROM `users`
LEFT JOIN `users_info` ON `users`.`id` = `users_info`.`users_id`
WHERE `users`.`id` IS NOT NULL
AND `users`.`role` IN (1,2)
ORDER BY `last_message_time` DESC')
 4 SYSTEMPATH\Database\BaseBuilder.php(1644): CodeIgniter\Database\BaseConnection->query('SELECT `users`.`id`, `users`.`username`, `users_info`.`profile_image`, (SELECT message FROM chats
                           WHERE (sender_id = users.id AND receiver_id = ?)
                              OR (receiver_id = users.id AND sender_id = ?)
                           ORDER BY sent_at DESC LIMIT 1) AS last_message, (SELECT sent_at FROM chats 
                           WHERE (sender_id = users.id AND receiver_id = ?)
                              OR (receiver_id = users.id AND sender_id = ?)
                           ORDER BY sent_at DESC LIMIT 1) AS last_message_time
FROM `users`
LEFT JOIN `users_info` ON `users`.`id` = `users_info`.`users_id`
WHERE `users`.`id` IS NOT NULL
AND `users`.`role` IN :users.role:
ORDER BY `last_message_time` DESC', [...], false)
 5 APPPATH\Models\UserModel.php(29): CodeIgniter\Database\BaseBuilder->get()
 6 APPPATH\Controllers\ChatController.php(20): App\Models\UserModel->getUsersWithMessages(null)
 7 SYSTEMPATH\CodeIgniter.php(933): App\Controllers\ChatController->getUsers()
 8 SYSTEMPATH\CodeIgniter.php(509): CodeIgniter\CodeIgniter->runController(Object(App\Controllers\ChatController))
 9 SYSTEMPATH\CodeIgniter.php(355): CodeIgniter\CodeIgniter->handleRequest(null, Object(Config\Cache), false)
10 SYSTEMPATH\Boot.php(325): CodeIgniter\CodeIgniter->run()
11 SYSTEMPATH\Boot.php(67): CodeIgniter\Boot::runCodeIgniter(Object(CodeIgniter\CodeIgniter))
12 FCPATH\index.php(56): CodeIgniter\Boot::bootWeb(Object(Config\Paths))
13 SYSTEMPATH\rewrite.php(44): require_once('C:\\xampp\\htdocs\\sneha\\codeigniter\\admin_role\\public\\index.php')
INFO - 2024-12-16 08:18:19 --> Session: Class initialized using 'CodeIgniter\Session\Handlers\FileHandler' driver.
CRITICAL - 2024-12-16 08:18:19 --> BadMethodCallException: Call to undefined method App\Models\UserModel::getUsersWithMessages
[Method: GET, Route: chat/getUsers]
in SYSTEMPATH\Model.php on line 932.
 1 APPPATH\Controllers\ChatController.php(20): CodeIgniter\Model->__call('getUsersWithMessages', [...])
 2 SYSTEMPATH\CodeIgniter.php(933): App\Controllers\ChatController->getUsers()
 3 SYSTEMPATH\CodeIgniter.php(509): CodeIgniter\CodeIgniter->runController(Object(App\Controllers\ChatController))
 4 SYSTEMPATH\CodeIgniter.php(355): CodeIgniter\CodeIgniter->handleRequest(null, Object(Config\Cache), false)
 5 SYSTEMPATH\Boot.php(325): CodeIgniter\CodeIgniter->run()
 6 SYSTEMPATH\Boot.php(67): CodeIgniter\Boot::runCodeIgniter(Object(CodeIgniter\CodeIgniter))
 7 FCPATH\index.php(56): CodeIgniter\Boot::bootWeb(Object(Config\Paths))
 8 SYSTEMPATH\rewrite.php(44): require_once('C:\\xampp\\htdocs\\sneha\\codeigniter\\admin_role\\public\\index.php')
INFO - 2024-12-16 08:20:12 --> Session: Class initialized using 'CodeIgniter\Session\Handlers\FileHandler' driver.
CRITICAL - 2024-12-16 08:20:12 --> BadMethodCallException: Call to undefined method App\Models\UserModel::getUsersWithMessages
[Method: GET, Route: chat/getUsers]
in SYSTEMPATH\Model.php on line 932.
 1 APPPATH\Controllers\ChatController.php(20): CodeIgniter\Model->__call('getUsersWithMessages', [...])
 2 SYSTEMPATH\CodeIgniter.php(933): App\Controllers\ChatController->getUsers()
 3 SYSTEMPATH\CodeIgniter.php(509): CodeIgniter\CodeIgniter->runController(Object(App\Controllers\ChatController))
 4 SYSTEMPATH\CodeIgniter.php(355): CodeIgniter\CodeIgniter->handleRequest(null, Object(Config\Cache), false)
 5 SYSTEMPATH\Boot.php(325): CodeIgniter\CodeIgniter->run()
 6 SYSTEMPATH\Boot.php(67): CodeIgniter\Boot::runCodeIgniter(Object(CodeIgniter\CodeIgniter))
 7 FCPATH\index.php(56): CodeIgniter\Boot::bootWeb(Object(Config\Paths))
 8 SYSTEMPATH\rewrite.php(44): require_once('C:\\xampp\\htdocs\\sneha\\codeigniter\\admin_role\\public\\index.php')
INFO - 2024-12-16 08:20:15 --> Session: Class initialized using 'CodeIgniter\Session\Handlers\FileHandler' driver.
CRITICAL - 2024-12-16 08:20:15 --> BadMethodCallException: Call to undefined method App\Models\UserModel::getUsersWithMessages
[Method: GET, Route: chat/getUsers]
in SYSTEMPATH\Model.php on line 932.
 1 APPPATH\Controllers\ChatController.php(20): CodeIgniter\Model->__call('getUsersWithMessages', [...])
 2 SYSTEMPATH\CodeIgniter.php(933): App\Controllers\ChatController->getUsers()
 3 SYSTEMPATH\CodeIgniter.php(509): CodeIgniter\CodeIgniter->runController(Object(App\Controllers\ChatController))
 4 SYSTEMPATH\CodeIgniter.php(355): CodeIgniter\CodeIgniter->handleRequest(null, Object(Config\Cache), false)
 5 SYSTEMPATH\Boot.php(325): CodeIgniter\CodeIgniter->run()
 6 SYSTEMPATH\Boot.php(67): CodeIgniter\Boot::runCodeIgniter(Object(CodeIgniter\CodeIgniter))
 7 FCPATH\index.php(56): CodeIgniter\Boot::bootWeb(Object(Config\Paths))
 8 SYSTEMPATH\rewrite.php(44): require_once('C:\\xampp\\htdocs\\sneha\\codeigniter\\admin_role\\public\\index.php')
INFO - 2024-12-16 09:39:51 --> Session: Class initialized using 'CodeIgniter\Session\Handlers\FileHandler' driver.
INFO - 2024-12-16 09:39:57 --> Session: Class initialized using 'CodeIgniter\Session\Handlers\FileHandler' driver.
INFO - 2024-12-16 09:41:02 --> Session: Class initialized using 'CodeIgniter\Session\Handlers\FileHandler' driver.
INFO - 2024-12-16 09:41:06 --> Session: Class initialized using 'CodeIgniter\Session\Handlers\FileHandler' driver.
INFO - 2024-12-16 09:41:24 --> Session: Class initialized using 'CodeIgniter\Session\Handlers\FileHandler' driver.
INFO - 2024-12-16 09:41:29 --> Session: Class initialized using 'CodeIgniter\Session\Handlers\FileHandler' driver.
INFO - 2024-12-16 09:43:11 --> Session: Class initialized using 'CodeIgniter\Session\Handlers\FileHandler' driver.
INFO - 2024-12-16 09:43:13 --> Session: Class initialized using 'CodeIgniter\Session\Handlers\FileHandler' driver.
INFO - 2024-12-16 09:43:47 --> Session: Class initialized using 'CodeIgniter\Session\Handlers\FileHandler' driver.
INFO - 2024-12-16 09:44:24 --> Session: Class initialized using 'CodeIgniter\Session\Handlers\FileHandler' driver.
INFO - 2024-12-16 09:45:19 --> Session: Class initialized using 'CodeIgniter\Session\Handlers\FileHandler' driver.
INFO - 2024-12-16 09:46:05 --> Session: Class initialized using 'CodeIgniter\Session\Handlers\FileHandler' driver.
INFO - 2024-12-16 09:48:50 --> Session: Class initialized using 'CodeIgniter\Session\Handlers\FileHandler' driver.
INFO - 2024-12-16 09:49:00 --> Session: Class initialized using 'CodeIgniter\Session\Handlers\FileHandler' driver.
INFO - 2024-12-16 09:52:13 --> Session: Class initialized using 'CodeIgniter\Session\Handlers\FileHandler' driver.
INFO - 2024-12-16 09:52:17 --> Session: Class initialized using 'CodeIgniter\Session\Handlers\FileHandler' driver.
INFO - 2024-12-16 09:53:02 --> Session: Class initialized using 'CodeIgniter\Session\Handlers\FileHandler' driver.
INFO - 2024-12-16 09:53:05 --> Session: Class initialized using 'CodeIgniter\Session\Handlers\FileHandler' driver.
INFO - 2024-12-16 09:53:05 --> Session: Class initialized using 'CodeIgniter\Session\Handlers\FileHandler' driver.
INFO - 2024-12-16 09:56:00 --> Session: Class initialized using 'CodeIgniter\Session\Handlers\FileHandler' driver.
INFO - 2024-12-16 09:56:00 --> Session: Class initialized using 'CodeIgniter\Session\Handlers\FileHandler' driver.
INFO - 2024-12-16 09:56:16 --> Session: Class initialized using 'CodeIgniter\Session\Handlers\FileHandler' driver.
INFO - 2024-12-16 09:56:16 --> Session: Class initialized using 'CodeIgniter\Session\Handlers\FileHandler' driver.
INFO - 2024-12-16 10:00:40 --> Session: Class initialized using 'CodeIgniter\Session\Handlers\FileHandler' driver.
INFO - 2024-12-16 10:01:03 --> Session: Class initialized using 'CodeIgniter\Session\Handlers\FileHandler' driver.
INFO - 2024-12-16 10:03:36 --> Session: Class initialized using 'CodeIgniter\Session\Handlers\FileHandler' driver.
INFO - 2024-12-16 10:05:47 --> Session: Class initialized using 'CodeIgniter\Session\Handlers\FileHandler' driver.
INFO - 2024-12-16 10:38:45 --> Session: Class initialized using 'CodeIgniter\Session\Handlers\FileHandler' driver.
INFO - 2024-12-16 10:39:22 --> Session: Class initialized using 'CodeIgniter\Session\Handlers\FileHandler' driver.
INFO - 2024-12-16 10:39:25 --> Session: Class initialized using 'CodeIgniter\Session\Handlers\FileHandler' driver.
INFO - 2024-12-16 10:39:26 --> Session: Class initialized using 'CodeIgniter\Session\Handlers\FileHandler' driver.
INFO - 2024-12-16 10:45:42 --> Session: Class initialized using 'CodeIgniter\Session\Handlers\FileHandler' driver.
INFO - 2024-12-16 10:46:56 --> Session: Class initialized using 'CodeIgniter\Session\Handlers\FileHandler' driver.
INFO - 2024-12-16 10:46:56 --> Session: Class initialized using 'CodeIgniter\Session\Handlers\FileHandler' driver.
INFO - 2024-12-16 10:49:23 --> Session: Class initialized using 'CodeIgniter\Session\Handlers\FileHandler' driver.
INFO - 2024-12-16 10:49:58 --> Session: Class initialized using 'CodeIgniter\Session\Handlers\FileHandler' driver.
INFO - 2024-12-16 10:50:08 --> Session: Class initialized using 'CodeIgniter\Session\Handlers\FileHandler' driver.
INFO - 2024-12-16 10:50:15 --> Session: Class initialized using 'CodeIgniter\Session\Handlers\FileHandler' driver.
INFO - 2024-12-16 10:50:19 --> Session: Class initialized using 'CodeIgniter\Session\Handlers\FileHandler' driver.
INFO - 2024-12-16 10:50:39 --> Session: Class initialized using 'CodeIgniter\Session\Handlers\FileHandler' driver.
INFO - 2024-12-16 10:50:42 --> Session: Class initialized using 'CodeIgniter\Session\Handlers\FileHandler' driver.
INFO - 2024-12-16 10:50:44 --> Session: Class initialized using 'CodeIgniter\Session\Handlers\FileHandler' driver.
INFO - 2024-12-16 10:50:56 --> Session: Class initialized using 'CodeIgniter\Session\Handlers\FileHandler' driver.
INFO - 2024-12-16 10:50:59 --> Session: Class initialized using 'CodeIgniter\Session\Handlers\FileHandler' driver.
INFO - 2024-12-16 10:51:28 --> Session: Class initialized using 'CodeIgniter\Session\Handlers\FileHandler' driver.
INFO - 2024-12-16 10:51:49 --> Session: Class initialized using 'CodeIgniter\Session\Handlers\FileHandler' driver.
INFO - 2024-12-16 10:52:08 --> Session: Class initialized using 'CodeIgniter\Session\Handlers\FileHandler' driver.
INFO - 2024-12-16 10:52:40 --> Session: Class initialized using 'CodeIgniter\Session\Handlers\FileHandler' driver.
INFO - 2024-12-16 10:52:59 --> Session: Class initialized using 'CodeIgniter\Session\Handlers\FileHandler' driver.
INFO - 2024-12-16 10:53:06 --> Session: Class initialized using 'CodeIgniter\Session\Handlers\FileHandler' driver.
INFO - 2024-12-16 10:53:41 --> Session: Class initialized using 'CodeIgniter\Session\Handlers\FileHandler' driver.
INFO - 2024-12-16 10:53:49 --> Session: Class initialized using 'CodeIgniter\Session\Handlers\FileHandler' driver.
INFO - 2024-12-16 10:54:56 --> Session: Class initialized using 'CodeIgniter\Session\Handlers\FileHandler' driver.
INFO - 2024-12-16 10:54:59 --> Session: Class initialized using 'CodeIgniter\Session\Handlers\FileHandler' driver.
INFO - 2024-12-16 11:03:18 --> Session: Class initialized using 'CodeIgniter\Session\Handlers\FileHandler' driver.
INFO - 2024-12-16 11:03:22 --> Session: Class initialized using 'CodeIgniter\Session\Handlers\FileHandler' driver.
INFO - 2024-12-16 11:04:02 --> Session: Class initialized using 'CodeIgniter\Session\Handlers\FileHandler' driver.
INFO - 2024-12-16 11:04:03 --> Session: Class initialized using 'CodeIgniter\Session\Handlers\FileHandler' driver.
INFO - 2024-12-16 11:04:21 --> Session: Class initialized using 'CodeIgniter\Session\Handlers\FileHandler' driver.
INFO - 2024-12-16 11:04:27 --> Session: Class initialized using 'CodeIgniter\Session\Handlers\FileHandler' driver.
INFO - 2024-12-16 11:04:39 --> Session: Class initialized using 'CodeIgniter\Session\Handlers\FileHandler' driver.
INFO - 2024-12-16 11:04:59 --> Session: Class initialized using 'CodeIgniter\Session\Handlers\FileHandler' driver.
INFO - 2024-12-16 11:05:07 --> Session: Class initialized using 'CodeIgniter\Session\Handlers\FileHandler' driver.
INFO - 2024-12-16 11:07:46 --> Session: Class initialized using 'CodeIgniter\Session\Handlers\FileHandler' driver.
INFO - 2024-12-16 11:07:46 --> Session: Class initialized using 'CodeIgniter\Session\Handlers\FileHandler' driver.
INFO - 2024-12-16 11:07:48 --> Session: Class initialized using 'CodeIgniter\Session\Handlers\FileHandler' driver.
INFO - 2024-12-16 11:07:51 --> Session: Class initialized using 'CodeIgniter\Session\Handlers\FileHandler' driver.
INFO - 2024-12-16 11:07:51 --> Session: Class initialized using 'CodeIgniter\Session\Handlers\FileHandler' driver.
INFO - 2024-12-16 11:07:55 --> Session: Class initialized using 'CodeIgniter\Session\Handlers\FileHandler' driver.
INFO - 2024-12-16 11:07:55 --> Session: Class initialized using 'CodeIgniter\Session\Handlers\FileHandler' driver.
INFO - 2024-12-16 11:08:03 --> Session: Class initialized using 'CodeIgniter\Session\Handlers\FileHandler' driver.
INFO - 2024-12-16 11:08:55 --> Session: Class initialized using 'CodeIgniter\Session\Handlers\FileHandler' driver.
INFO - 2024-12-16 11:08:55 --> Session: Class initialized using 'CodeIgniter\Session\Handlers\FileHandler' driver.
INFO - 2024-12-16 11:08:57 --> Session: Class initialized using 'CodeIgniter\Session\Handlers\FileHandler' driver.
INFO - 2024-12-16 11:09:01 --> Session: Class initialized using 'CodeIgniter\Session\Handlers\FileHandler' driver.
INFO - 2024-12-16 11:09:01 --> Session: Class initialized using 'CodeIgniter\Session\Handlers\FileHandler' driver.
INFO - 2024-12-16 11:09:07 --> Session: Class initialized using 'CodeIgniter\Session\Handlers\FileHandler' driver.
INFO - 2024-12-16 11:09:40 --> Session: Class initialized using 'CodeIgniter\Session\Handlers\FileHandler' driver.
INFO - 2024-12-16 11:09:40 --> Session: Class initialized using 'CodeIgniter\Session\Handlers\FileHandler' driver.
INFO - 2024-12-16 11:10:07 --> Session: Class initialized using 'CodeIgniter\Session\Handlers\FileHandler' driver.
INFO - 2024-12-16 11:10:08 --> Session: Class initialized using 'CodeIgniter\Session\Handlers\FileHandler' driver.
INFO - 2024-12-16 11:10:10 --> Session: Class initialized using 'CodeIgniter\Session\Handlers\FileHandler' driver.
INFO - 2024-12-16 11:10:18 --> Session: Class initialized using 'CodeIgniter\Session\Handlers\FileHandler' driver.
INFO - 2024-12-16 11:10:19 --> Session: Class initialized using 'CodeIgniter\Session\Handlers\FileHandler' driver.
INFO - 2024-12-16 11:10:25 --> Session: Class initialized using 'CodeIgniter\Session\Handlers\FileHandler' driver.
INFO - 2024-12-16 11:10:26 --> Session: Class initialized using 'CodeIgniter\Session\Handlers\FileHandler' driver.
INFO - 2024-12-16 11:10:55 --> Session: Class initialized using 'CodeIgniter\Session\Handlers\FileHandler' driver.
INFO - 2024-12-16 11:10:57 --> Session: Class initialized using 'CodeIgniter\Session\Handlers\FileHandler' driver.
INFO - 2024-12-16 11:11:01 --> Session: Class initialized using 'CodeIgniter\Session\Handlers\FileHandler' driver.
INFO - 2024-12-16 11:11:26 --> Session: Class initialized using 'CodeIgniter\Session\Handlers\FileHandler' driver.
INFO - 2024-12-16 11:11:30 --> Session: Class initialized using 'CodeIgniter\Session\Handlers\FileHandler' driver.
INFO - 2024-12-16 11:11:32 --> Session: Class initialized using 'CodeIgniter\Session\Handlers\FileHandler' driver.
INFO - 2024-12-16 11:11:34 --> Session: Class initialized using 'CodeIgniter\Session\Handlers\FileHandler' driver.
INFO - 2024-12-16 11:11:37 --> Session: Class initialized using 'CodeIgniter\Session\Handlers\FileHandler' driver.
INFO - 2024-12-16 11:20:02 --> Session: Class initialized using 'CodeIgniter\Session\Handlers\FileHandler' driver.
INFO - 2024-12-16 11:20:02 --> Session: Class initialized using 'CodeIgniter\Session\Handlers\FileHandler' driver.
INFO - 2024-12-16 11:20:05 --> Session: Class initialized using 'CodeIgniter\Session\Handlers\FileHandler' driver.
INFO - 2024-12-16 11:20:06 --> Session: Class initialized using 'CodeIgniter\Session\Handlers\FileHandler' driver.
INFO - 2024-12-16 11:57:12 --> Session: Class initialized using 'CodeIgniter\Session\Handlers\FileHandler' driver.
INFO - 2024-12-16 11:57:20 --> Session: Class initialized using 'CodeIgniter\Session\Handlers\FileHandler' driver.
INFO - 2024-12-16 11:57:25 --> Session: Class initialized using 'CodeIgniter\Session\Handlers\FileHandler' driver.
INFO - 2024-12-16 11:57:29 --> Session: Class initialized using 'CodeIgniter\Session\Handlers\FileHandler' driver.
INFO - 2024-12-16 11:57:30 --> Session: Class initialized using 'CodeIgniter\Session\Handlers\FileHandler' driver.
CRITICAL - 2024-12-16 12:12:49 --> Error: Call to a member function get() on array
[Method: GET, Route: chat]
in APPPATH\Config\Routes.php on line 54.
 1 SYSTEMPATH\Router\RouteCollection.php(340): require()
 2 SYSTEMPATH\CodeIgniter.php(823): CodeIgniter\Router\RouteCollection->loadRoutes()
 3 SYSTEMPATH\CodeIgniter.php(457): CodeIgniter\CodeIgniter->tryToRouteIt(null)
 4 SYSTEMPATH\CodeIgniter.php(355): CodeIgniter\CodeIgniter->handleRequest(null, Object(Config\Cache), false)
 5 SYSTEMPATH\Boot.php(325): CodeIgniter\CodeIgniter->run()
 6 SYSTEMPATH\Boot.php(67): CodeIgniter\Boot::runCodeIgniter(Object(CodeIgniter\CodeIgniter))
 7 FCPATH\index.php(56): CodeIgniter\Boot::bootWeb(Object(Config\Paths))
CRITICAL - 2024-12-16 12:13:07 --> Error: Call to a member function get() on array
[Method: GET, Route: chat]
in APPPATH\Config\Routes.php on line 54.
 1 SYSTEMPATH\Router\RouteCollection.php(340): require()
 2 SYSTEMPATH\CodeIgniter.php(823): CodeIgniter\Router\RouteCollection->loadRoutes()
 3 SYSTEMPATH\CodeIgniter.php(457): CodeIgniter\CodeIgniter->tryToRouteIt(null)
 4 SYSTEMPATH\CodeIgniter.php(355): CodeIgniter\CodeIgniter->handleRequest(null, Object(Config\Cache), false)
 5 SYSTEMPATH\Boot.php(325): CodeIgniter\CodeIgniter->run()
 6 SYSTEMPATH\Boot.php(67): CodeIgniter\Boot::runCodeIgniter(Object(CodeIgniter\CodeIgniter))
 7 FCPATH\index.php(56): CodeIgniter\Boot::bootWeb(Object(Config\Paths))
CRITICAL - 2024-12-16 12:13:08 --> Error: Call to a member function get() on array
[Method: GET, Route: chat]
in APPPATH\Config\Routes.php on line 54.
 1 SYSTEMPATH\Router\RouteCollection.php(340): require()
 2 SYSTEMPATH\CodeIgniter.php(823): CodeIgniter\Router\RouteCollection->loadRoutes()
 3 SYSTEMPATH\CodeIgniter.php(457): CodeIgniter\CodeIgniter->tryToRouteIt(null)
 4 SYSTEMPATH\CodeIgniter.php(355): CodeIgniter\CodeIgniter->handleRequest(null, Object(Config\Cache), false)
 5 SYSTEMPATH\Boot.php(325): CodeIgniter\CodeIgniter->run()
 6 SYSTEMPATH\Boot.php(67): CodeIgniter\Boot::runCodeIgniter(Object(CodeIgniter\CodeIgniter))
 7 FCPATH\index.php(56): CodeIgniter\Boot::bootWeb(Object(Config\Paths))
INFO - 2024-12-16 12:18:12 --> Session: Class initialized using 'CodeIgniter\Session\Handlers\FileHandler' driver.
